<?xml version="1.0" encoding="UTF-8"?>
<!-- Generated by org.testng.reporters.JUnitReportReporter -->
<testsuite hostname="Abdulraheem" failures="0" tests="4" name="MyTestcases" time="0.056" errors="0" timestamp="2024-11-19T20:55:22 EET" skipped="0">
  <testcase classname="MyTestcases" name="AddDataToMyDataBase" time="0.019"/>
  <system-out/>
  <testcase classname="MyTestcases" name="Updatedata" time="0.004"/>
  <system-out/>
  <testcase classname="MyTestcases" name="DeleteData" time="0.005"/>
  <system-out/>
  <testcase classname="MyTestcases" name="ReadData" time="0.028"/>
  <system-out/>
</testsuite> <!-- MyTestcases -->
